<?xml version="1.0" encoding="utf-8"?><testsuites name="pytest tests"><testsuite name="pytest" errors="0" failures="0" skipped="0" tests="477" time="301.240" timestamp="2026-08-02T20:45:55.467644+09:00" hostname="BOOK-N17VO9IHRB"><testcase classname="tests.test_approved_source_registry" name="test_semantic_vocabulary_is_closed_bounded_and_contains_no_execution_metadata" time="0.421" /><testcase classname="tests.test_approved_source_registry" name="test_semantic_templates_are_closed_bounded_and_compiler_only" time="0.198" /><testcase classname="tests.test_approved_source_registry" name="test_semantic_templates_are_blueprint_sourced_and_runtime_exact" time="0.284" /><testcase classname="tests.test_approved_source_registry" name="test_semantic_templates_compile_with_the_sealed_legacy_planner_policy" time="3.398" /><testcase classname="tests.test_approved_source_registry" name="test_dataset_templates_are_blueprint_sourced_closed_and_hash_pinned" time="0.193" /><testcase classname="tests.test_approved_source_registry" name="test_dataset_template_drift_is_rejected_or_rebuilt_from_trusted_blueprint" time="0.596" /><testcase classname="tests.test_approved_source_registry" name="test_dataset_template_rejects_open_unapproved_or_oversized_values" time="0.218" /><testcase classname="tests.test_approved_source_registry" name="test_semantic_vocabulary_is_derived_only_from_alias_cards" time="0.136" /><testcase classname="tests.test_approved_source_registry" name="test_section_vocabulary_merges_only_matching_runtime_and_card_aliases" time="0.210" /><testcase classname="tests.test_approved_source_registry" name="test_v2_rebuild_is_idempotent_and_order_independent" time="0.386" /><testcase classname="tests.test_approved_source_registry" name="test_rebuild_preserves_trusted_bindings_descriptors_and_exclusions" time="0.236" /><testcase classname="tests.test_approved_source_registry" name="test_v3_catalog_physical_drift_cannot_overwrite_approved_descriptors" time="0.160" /><testcase classname="tests.test_approved_source_registry" name="test_v3_descriptor_contract_rejects_open_unsafe_or_semantic_tampering[&lt;lambda&gt;-open or incomplete]" time="0.045" /><testcase classname="tests.test_approved_source_registry" name="test_v3_descriptor_contract_rejects_open_unsafe_or_semantic_tampering[&lt;lambda&gt;-semantically incompatible0]" time="0.043" /><testcase classname="tests.test_approved_source_registry" name="test_v3_descriptor_contract_rejects_open_unsafe_or_semantic_tampering[&lt;lambda&gt;-roles are incompatible]" time="0.039" /><testcase classname="tests.test_approved_source_registry" name="test_v3_descriptor_contract_rejects_open_unsafe_or_semantic_tampering[&lt;lambda&gt;-semantically incompatible1]" time="0.043" /><testcase classname="tests.test_approved_source_registry" name="test_v3_descriptor_contract_rejects_open_unsafe_or_semantic_tampering[&lt;lambda&gt;-semantically incompatible2]" time="0.041" /><testcase classname="tests.test_approved_source_registry" name="test_v3_descriptor_contract_rejects_open_unsafe_or_semantic_tampering[&lt;lambda&gt;-physical_aliases0]" time="0.479" /><testcase classname="tests.test_approved_source_registry" name="test_v3_descriptor_contract_rejects_open_unsafe_or_semantic_tampering[&lt;lambda&gt;-physical_aliases1]" time="0.049" /><testcase classname="tests.test_approved_source_registry" name="test_semantic_vocabulary_field_families_follow_final_approved_descriptors" time="0.115" /><testcase classname="tests.test_approved_source_registry" name="test_v1_and_v2_upgrade_still_derives_descriptors_from_compiled_catalog[metadata.authoring.source-registry.v1]" time="0.158" /><testcase classname="tests.test_approved_source_registry" name="test_v1_and_v2_upgrade_still_derives_descriptors_from_compiled_catalog[metadata.authoring.source-registry.v2]" time="0.386" /><testcase classname="tests.test_approved_source_registry" name="test_rebuild_summary_reports_stable_full_and_vocabulary_hashes" time="0.349" /><testcase classname="tests.test_approved_source_registry" name="test_semantic_vocabulary_rejects_open_incomplete_unsafe_or_ambiguous_aliases[&lt;lambda&gt;-missing or open]" time="0.064" /><testcase classname="tests.test_approved_source_registry" name="test_semantic_vocabulary_rejects_open_incomplete_unsafe_or_ambiguous_aliases[&lt;lambda&gt;-incomplete]" time="0.067" /><testcase classname="tests.test_approved_source_registry" name="test_semantic_vocabulary_rejects_open_incomplete_unsafe_or_ambiguous_aliases[&lt;lambda&gt;-unsafe or oversized]" time="0.112" /><testcase classname="tests.test_approved_source_registry" name="test_semantic_vocabulary_rejects_open_incomplete_unsafe_or_ambiguous_aliases[&lt;lambda&gt;-ambiguous within its vocabulary kind]" time="0.063" /><testcase classname="tests.test_approved_source_registry" name="test_semantic_vocabulary_rejects_open_incomplete_unsafe_or_ambiguous_aliases[&lt;lambda&gt;-labels must be bounded]" time="0.062" /><testcase classname="tests.test_approved_source_registry" name="test_source_registry_root_rejects_unknown_keys_but_rebuilds_prior_vocabulary" time="0.230" /><testcase classname="tests.test_approved_source_registry" name="test_semantic_vocabulary_rejects_total_utf8_payload_over_64_kib" time="0.591" /><testcase classname="tests.test_approved_source_registry" name="test_metric_vocabulary_never_exposes_binding_even_when_catalog_metric_has_one" time="0.208" /><testcase classname="tests.test_approved_source_registry" name="test_semantic_templates_reject_open_forbidden_or_unregistered_payloads[&lt;lambda&gt;-open or invalid]" time="0.290" /><testcase classname="tests.test_approved_source_registry" name="test_semantic_templates_reject_open_forbidden_or_unregistered_payloads[&lt;lambda&gt;-forbidden payload key]" time="0.062" /><testcase classname="tests.test_approved_source_registry" name="test_semantic_templates_reject_open_forbidden_or_unregistered_payloads[&lt;lambda&gt;-template mismatch]" time="0.066" /><testcase classname="tests.test_approved_source_registry" name="test_semantic_templates_reject_open_forbidden_or_unregistered_payloads[&lt;lambda&gt;-executable or URL payload text]" time="0.076" /><testcase classname="tests.test_approved_source_registry" name="test_semantic_templates_reject_open_forbidden_or_unregistered_payloads[&lt;lambda&gt;-alias key mismatch|bounded object|identity mismatch|template mismatch]" time="0.060" /><testcase classname="tests.test_approved_source_registry" name="test_semantic_templates_reject_total_utf8_payload_over_128_kib" time="0.266" /><testcase classname="tests.test_authoring_blueprint" name="test_build_seals_exact_contract_and_hashes" time="0.827" /><testcase classname="tests.test_authoring_blueprint" name="test_annotation_only_changes_do_not_change_executable_hash" time="0.826" /><testcase classname="tests.test_authoring_blueprint" name="test_merge_overlays_only_annotations_and_compiles_full_draft" time="1.178" /><testcase classname="tests.test_authoring_blueprint" name="test_merge_keeps_reviewed_defaults_for_missing_annotations" time="1.403" /><testcase classname="tests.test_authoring_blueprint" name="test_merge_rejects_unknown_or_non_scalar_annotation_payloads[proposal0]" time="0.610" /><testcase classname="tests.test_authoring_blueprint" name="test_merge_rejects_unknown_or_non_scalar_annotation_payloads[proposal1]" time="0.581" /><testcase classname="tests.test_authoring_blueprint" name="test_merge_rejects_unknown_or_non_scalar_annotation_payloads[proposal2]" time="0.791" /><testcase classname="tests.test_authoring_blueprint" name="test_merge_rejects_unknown_or_non_scalar_annotation_payloads[proposal3]" time="0.577" /><testcase classname="tests.test_authoring_blueprint" name="test_merge_rejects_unknown_or_non_scalar_annotation_payloads[proposal4]" time="0.646" /><testcase classname="tests.test_authoring_blueprint" name="test_missing_blueprint_field_fails_closed[contract_version]" time="0.371" /><testcase classname="tests.test_authoring_blueprint" name="test_missing_blueprint_field_fails_closed[domain_id]" time="0.504" /><testcase classname="tests.test_authoring_blueprint" name="test_missing_blueprint_field_fails_closed[environment]" time="0.283" /><testcase classname="tests.test_authoring_blueprint" name="test_missing_blueprint_field_fails_closed[executable]" time="0.340" /><testcase classname="tests.test_authoring_blueprint" name="test_missing_blueprint_field_fails_closed[default_annotations]" time="0.327" /><testcase classname="tests.test_authoring_blueprint" name="test_missing_blueprint_field_fails_closed[source_manifest_sha256]" time="0.318" /><testcase classname="tests.test_authoring_blueprint" name="test_missing_blueprint_field_fails_closed[executable_sha256]" time="0.348" /><testcase classname="tests.test_authoring_blueprint" name="test_missing_blueprint_field_fails_closed[blueprint_sha256]" time="0.332" /><testcase classname="tests.test_authoring_blueprint" name="test_unknown_blueprint_field_fails_closed" time="0.284" /><testcase classname="tests.test_authoring_blueprint" name="test_executable_tamper_without_rehash_fails_closed" time="0.390" /><testcase classname="tests.test_authoring_blueprint" name="test_recomputed_executable_and_self_hash_still_fail_external_pin" time="0.371" /><testcase classname="tests.test_authoring_blueprint" name="test_wrong_external_pin_fails_closed" time="0.324" /><testcase classname="tests.test_authoring_blueprint" name="test_blueprint_self_hash_tamper_fails_closed" time="0.399" /><testcase classname="tests.test_authoring_blueprint" name="test_identity_pin_mismatch_fails_closed[domain_id-other_domain-domain_pin_mismatch]" time="0.468" /><testcase classname="tests.test_authoring_blueprint" name="test_identity_pin_mismatch_fails_closed[environment-production-environment_pin_mismatch]" time="0.397" /><testcase classname="tests.test_authoring_blueprint" name="test_different_valid_source_manifest_pin_fails_closed" time="0.354" /><testcase classname="tests.test_authoring_blueprint" name="test_tampered_source_manifest_fails_closed" time="0.363" /><testcase classname="tests.test_authoring_blueprint" name="test_build_rejects_source_inventory_coverage_gap" time="0.044" /><testcase classname="tests.test_authoring_blueprint" name="test_executable_missing_or_unknown_section_fails_closed" time="0.442" /><testcase classname="tests.test_authoring_response_terminal" name="test_authoring_response_terminal_accepts_closed_hash_sealed_response" time="0.082" /><testcase classname="tests.test_authoring_response_terminal" name="test_authoring_response_terminal_rejects_tamper_and_unknown_fields[value]" time="0.004" /><testcase classname="tests.test_authoring_response_terminal" name="test_authoring_response_terminal_rejects_tamper_and_unknown_fields[extra]" time="0.003" /><testcase classname="tests.test_authoring_response_terminal" name="test_authoring_response_terminal_rejects_tamper_and_unknown_fields[hash]" time="0.004" /><testcase classname="tests.test_authoring_source_manifest" name="test_dataset_section_patch_normalization_does_not_synthesize_aliases" time="0.010" /><testcase classname="tests.test_authoring_source_manifest" name="test_dataset_section_patch_preserves_explicit_cross_owner_key_for_rejection" time="0.011" /><testcase classname="tests.test_authoring_source_manifest" name="test_dataset_patch_maps_unique_physical_name_to_source_declared_canonical_noop" time="0.875" /><testcase classname="tests.test_authoring_source_manifest" name="test_dataset_patch_rejects_physical_alias_delta_and_unknown_targets" time="0.917" /><testcase classname="tests.test_authoring_source_manifest" name="test_dataset_patch_rejects_ambiguous_physical_binding" time="0.983" /><testcase classname="tests.test_authoring_source_manifest" name="test_dataset_patch_rejects_canonical_physical_duplicate_and_cross_dataset_lookup" time="1.087" /><testcase classname="tests.test_authoring_source_manifest" name="test_source_explicit_new_dataset_and_field_require_complete_schema_card" time="1.673" /><testcase classname="tests.test_authoring_source_manifest" name="test_main_filter_section_patch_uses_base_as_read_only_target_context" time="0.009" /><testcase classname="tests.test_authoring_source_manifest" name="test_main_filter_section_patch_preserves_migrated_alias_priority_cards" time="0.067" /><testcase classname="tests.test_authoring_source_manifest" name="test_alias_coverage_reads_only_exact_text_from_ranked_value_cards" time="0.004" /><testcase classname="tests.test_authoring_source_manifest" name="test_ranked_alias_value_cannot_rebind_enclosing_target_identity" time="0.004" /><testcase classname="tests.test_authoring_source_manifest" name="test_main_filter_section_patch_preserves_cross_owner_root_for_rejection" time="0.005" /><testcase classname="tests.test_authoring_source_manifest" name="test_main_filter_section_patch_rejects_unknown_target_and_identity_rebind" time="0.009" /><testcase classname="tests.test_authoring_source_manifest" name="test_order_sales_manifest_extracts_exact_inventory_without_source_retention" time="0.020" /><testcase classname="tests.test_authoring_source_manifest" name="test_source_manifest_canonicalizes_bom_line_endings_and_outer_whitespace" time="0.021" /><testcase classname="tests.test_authoring_source_manifest" name="test_english_explicit_inventory_and_alias_mapping_are_supported" time="0.003" /><testcase classname="tests.test_authoring_source_manifest" name="test_korean_explicit_alias_card_extracts_target_key_without_particle_false_positive" time="0.002" /><testcase classname="tests.test_authoring_source_manifest" name="test_korean_explicit_alias_card_rejects_identity_target_mismatch" time="0.005" /><testcase classname="tests.test_authoring_source_manifest" name="test_recipe_id_field_prose_is_not_treated_as_recipe_inventory" time="0.003" /><testcase classname="tests.test_authoring_source_manifest" name="test_complete_schema_valid_order_sales_draft_passes_with_safe_evidence" time="0.041" /><testcase classname="tests.test_authoring_source_manifest" name="test_schema_valid_empty_explicit_section_is_rejected[metrics]" time="0.037" /><testcase classname="tests.test_authoring_source_manifest" name="test_schema_valid_empty_explicit_section_is_rejected[relations]" time="0.056" /><testcase classname="tests.test_authoring_source_manifest" name="test_schema_valid_empty_explicit_section_is_rejected[recipes]" time="0.058" /><testcase classname="tests.test_authoring_source_manifest" name="test_one_explicit_identifier_omission_is_rejected" time="0.040" /><testcase classname="tests.test_authoring_source_manifest" name="test_explicit_alias_target_omission_returns_only_hashed_alias_evidence" time="0.028" /><testcase classname="tests.test_authoring_source_manifest" name="test_missing_evidence_is_bounded_and_manifest_hash_is_fail_closed" time="0.015" /><testcase classname="tests.test_authoring_source_manifest" name="test_korean_alias_shorthand_compiles_to_schema_valid_canonical_card_without_mutation" time="0.037" /><testcase classname="tests.test_authoring_source_manifest" name="test_multiple_manifest_backed_shorthand_labels_merge_into_one_card" time="0.014" /><testcase classname="tests.test_authoring_source_manifest" name="test_alias_shorthand_rejects_manifest_backed_target_missing_from_draft" time="0.012" /><testcase classname="tests.test_authoring_source_manifest" name="test_alias_shorthand_rejects_label_not_declared_in_source_manifest" time="0.014" /><testcase classname="tests.test_authoring_source_manifest" name="test_alias_shorthand_rejects_target_registered_in_multiple_namespaces" time="0.013" /><testcase classname="tests.test_authoring_source_manifest" name="test_alias_shorthand_rejects_object_string_target_collision" time="0.013" /><testcase classname="tests.test_authoring_source_manifest" name="test_source_sealed_field_role_representation_is_normalized_and_deduplicated" time="0.040" /><testcase classname="tests.test_authoring_source_manifest" name="test_unknown_field_role_fails_closed_without_raw_role_evidence" time="0.012" /><testcase classname="tests.test_authoring_source_manifest" name="test_relation_endpoints_fill_all_three_cards_and_remove_exact_legacy_keys" time="0.039" /><testcase classname="tests.test_authoring_source_manifest" name="test_english_relation_endpoint_inventory_accepts_unicode_arrow" time="0.003" /><testcase classname="tests.test_authoring_source_manifest" name="test_relation_endpoint_nonblank_mismatch_fails_closed_without_raw_value" time="0.015" /><testcase classname="tests.test_authoring_source_manifest" name="test_relation_endpoint_unknown_draft_dataset_fails_closed" time="0.014" /><testcase classname="tests.test_authoring_source_manifest" name="test_relation_endpoint_source_rejects_unknown_dataset_and_ambiguity" time="0.008" /><testcase classname="tests.test_authoring_source_manifest" name="test_blank_relation_endpoint_without_source_inventory_fails_closed" time="0.015" /><testcase classname="tests.test_authoring_source_manifest" name="test_relation_endpoint_manifest_tamper_is_rejected_before_draft_mutation" time="0.015" /><testcase classname="tests.test_authoring_source_manifest" name="test_missing_manifest_aliases_are_completed_only_on_unique_targets" time="0.054" /><testcase classname="tests.test_authoring_source_manifest" name="test_missing_manifest_alias_stably_merges_into_one_existing_target_card" time="0.018" /><testcase classname="tests.test_authoring_source_manifest" name="test_manifest_alias_completion_rejects_conflict_and_multiple_target_cards" time="0.035" /><testcase classname="tests.test_authoring_source_manifest" name="test_source_sealed_field_roles_fill_blank_and_canonicalize_representation" time="0.044" /><testcase classname="tests.test_authoring_source_manifest" name="test_source_sealed_field_roles_reject_nonblank_mismatch" time="0.015" /><testcase classname="tests.test_authoring_source_manifest" name="test_field_role_source_rejects_unknown_binding_value_and_ambiguity" time="0.015" /><testcase classname="tests.test_authoring_source_manifest" name="test_blank_field_roles_without_source_inventory_fail_closed" time="0.013" /><testcase classname="tests.test_authoring_source_manifest" name="test_relation_policies_fill_blank_and_canonicalize_hyphen_representation" time="0.053" /><testcase classname="tests.test_authoring_source_manifest" name="test_relation_policy_rejects_nonblank_mismatch_unknown_and_ambiguity" time="0.032" /><testcase classname="tests.test_authoring_source_manifest" name="test_blank_relation_policy_without_inventory_and_manifest_tamper_fail_closed" time="0.039" /><testcase classname="tests.test_authoring_source_manifest" name="test_relation_keys_fill_all_cards_and_remove_exact_legacy_shapes" time="0.064" /><testcase classname="tests.test_authoring_source_manifest" name="test_relation_key_nonblank_or_legacy_mismatch_fails_closed" time="0.027" /><testcase classname="tests.test_authoring_source_manifest" name="test_relation_key_source_rejects_unknown_field_cardinality_and_ambiguity" time="0.013" /><testcase classname="tests.test_authoring_source_manifest" name="test_blank_relation_key_without_inventory_and_manifest_tamper_fail_closed" time="0.028" /><testcase classname="tests.test_component_korean_ui" name="test_active_generator_components_have_korean_user_facing_ui" time="0.232" /><testcase classname="tests.test_component_korean_ui" name="test_manual_api_terminal_matches_korean_user_facing_ui" time="0.033" /><testcase classname="tests.test_component_korean_ui" name="test_generated_source_specific_retrievers_have_korean_user_facing_ui" time="0.343" /><testcase classname="tests.test_contract_artifacts" name="test_generated_artifacts_are_current" time="0.212" /><testcase classname="tests.test_contract_artifacts" name="test_all_45_schemas_are_draft_2020_12_and_recursively_closed" time="0.990" /><testcase classname="tests.test_contract_artifacts" name="test_route_and_intent_contracts_are_canonical" time="0.005" /><testcase classname="tests.test_contract_artifacts" name="test_registries_validate_and_have_self_consistent_hashes" time="0.020" /><testcase classname="tests.test_contract_artifacts" name="test_all_70_cases_validate_and_have_frozen_inventory" time="0.111" /><testcase classname="tests.test_contract_artifacts" name="test_case_routes_calls_and_no_fallback_are_exact" time="0.006" /><testcase classname="tests.test_contract_artifacts" name="test_case_operators_and_errors_are_registry_bounded" time="0.013" /><testcase classname="tests.test_contract_artifacts" name="test_explicit_branch_probes_cover_every_control_path" time="0.005" /><testcase classname="tests.test_contract_artifacts" name="test_multiturn_fast_paths_and_context_rules_are_explicit" time="0.007" /><testcase classname="tests.test_contract_artifacts" name="test_generated_docs_report_the_same_counts_and_branch_ids" time="0.004" /><testcase classname="tests.test_contract_boundaries" name="test_success_validates_every_trusted_runtime_boundary" time="0.652" /><testcase classname="tests.test_contract_boundaries" name="test_empty_error_unsupported_and_clarification_responses_are_contract_valid" time="0.857" /><testcase classname="tests.test_contract_boundaries" name="test_request_route_intent_plan_and_format_checker_are_authoritative" time="0.191" /><testcase classname="tests.test_contract_boundaries" name="test_display_contract_is_closed_and_preview_is_bounded" time="0.019" /><testcase classname="tests.test_contract_boundaries" name="test_output_adapters_do_not_reject_post_execution_json_changes" time="0.308" /><testcase classname="tests.test_domain_authoring_patches" name="test_runtime_catalog_round_trip_preserves_order_sales_catalog" time="0.491" /><testcase classname="tests.test_domain_authoring_patches" name="test_runtime_catalog_round_trip_preserves_manufacturing_catalog" time="5.316" /><testcase classname="tests.test_domain_authoring_patches" name="test_dataset_patch_is_upsert_only_and_preserves_other_sections" time="0.274" /><testcase classname="tests.test_domain_authoring_patches" name="test_main_filter_patch_preserves_datasets_metrics_and_relations" time="0.291" /><testcase classname="tests.test_domain_authoring_patches" name="test_domain_policy_patch_only_updates_owned_sections_and_upserts_functions" time="0.344" /><testcase classname="tests.test_domain_authoring_patches" name="test_domain_policy_patch_upserts_without_removing_existing_function_identity" time="0.068" /><testcase classname="tests.test_domain_authoring_patches" name="test_section_patch_rejects_cross_owned_delete_and_empty_shapes[patch0-dataset]" time="0.031" /><testcase classname="tests.test_domain_authoring_patches" name="test_section_patch_rejects_cross_owned_delete_and_empty_shapes[patch1-main_filter]" time="0.040" /><testcase classname="tests.test_domain_authoring_patches" name="test_section_patch_rejects_cross_owned_delete_and_empty_shapes[patch2-dataset]" time="0.035" /><testcase classname="tests.test_domain_authoring_patches" name="test_section_patch_rejects_cross_owned_delete_and_empty_shapes[patch3-main_filter]" time="0.034" /><testcase classname="tests.test_domain_authoring_patches" name="test_section_patch_rejects_cross_owned_delete_and_empty_shapes[patch4-domain_policy]" time="0.028" /><testcase classname="tests.test_domain_authoring_patches" name="test_section_patch_rejects_cross_owned_delete_and_empty_shapes[patch5-domain_policy]" time="0.049" /><testcase classname="tests.test_domain_packages" name="test_natural_language_draft_contract_compiles_deterministically_to_generic_package" time="0.993" /><testcase classname="tests.test_domain_packages" name="test_authoring_draft_rejects_credential_like_scalar_values[mongo_uri]" time="0.033" /><testcase classname="tests.test_domain_packages" name="test_authoring_draft_rejects_credential_like_scalar_values[google_key]" time="0.042" /><testcase classname="tests.test_domain_packages" name="test_authoring_draft_rejects_credential_like_scalar_values[private_key]" time="0.056" /><testcase classname="tests.test_domain_packages" name="test_authoring_draft_rejects_credential_like_scalar_values[password_assignment]" time="0.070" /><testcase classname="tests.test_domain_packages" name="test_authoring_draft_allows_redacted_secret_guidance_without_a_value" time="1.060" /><testcase classname="tests.test_domain_packages" name="test_domain_identity_containing_token_is_not_misclassified_as_secret_key" time="1.190" /><testcase classname="tests.test_domain_packages" name="test_registered_function_tokens_are_not_misclassified_as_credentials" time="0.494" /><testcase classname="tests.test_domain_packages" name="test_authoring_draft_still_rejects_credential_key_names[api_key]" time="0.036" /><testcase classname="tests.test_domain_packages" name="test_authoring_draft_still_rejects_credential_key_names[access_token]" time="0.043" /><testcase classname="tests.test_domain_packages" name="test_authoring_draft_still_rejects_credential_key_names[refreshToken]" time="0.065" /><testcase classname="tests.test_domain_packages" name="test_authoring_draft_still_rejects_credential_key_names[client_secret]" time="0.041" /><testcase classname="tests.test_domain_packages" name="test_authoring_draft_still_rejects_credential_key_names[password]" time="0.036" /><testcase classname="tests.test_domain_packages" name="test_authoring_draft_still_rejects_credential_key_names[connection_string]" time="0.042" /><testcase classname="tests.test_domain_packages" name="test_authoring_draft_still_rejects_credential_key_names[mongo_uri]" time="0.039" /><testcase classname="tests.test_domain_packages" name="test_compiler_rejects_executable_code_secret_and_invalid_relation" time="0.240" /><testcase classname="tests.test_domain_packages" name="test_generic_compiler_fails_closed_for_semantic_closure_regressions[&lt;lambda&gt;-Formula metric reference is not registered]" time="0.083" /><testcase classname="tests.test_domain_packages" name="test_generic_compiler_fails_closed_for_semantic_closure_regressions[&lt;lambda&gt;-Metric source field is not present in every dataset of its family]" time="0.141" /><testcase classname="tests.test_domain_packages" name="test_generic_compiler_fails_closed_for_semantic_closure_regressions[&lt;lambda&gt;-Recipe uses an operation outside its planner profile]" time="0.107" /><testcase classname="tests.test_domain_packages" name="test_formula_dag_zero_policy_and_recipe_registry_refs_fail_closed" time="0.451" /><testcase classname="tests.test_domain_packages" name="test_predicate_and_entity_group_fields_require_filter_compatible_registry_entries" time="0.224" /><testcase classname="tests.test_domain_packages" name="test_package_and_active_pointer_are_hash_bound" time="0.699" /><testcase classname="tests.test_domain_packages" name="test_active_loader_rejects_cross_domain_pointer_identity" time="0.410" /><testcase classname="tests.test_domain_packages" name="test_active_loader_rejects_bundle_with_different_domain_identity" time="0.676" /><testcase classname="tests.test_domain_packages" name="test_manufacturing_v1_isolated_pack_adapts_to_v2_without_changing_v1" time="3.343" /><testcase classname="tests.test_domain_packages" name="test_compile_cli_api_writes_package_catalog_bundle_and_pointer" time="0.785" /><testcase classname="tests.test_domain_packages" name="test_v5_documents_are_converted_when_possible_and_only_unsafe_rows_are_quarantined" time="3.954" /><testcase classname="tests.test_domain_packages" name="test_bundle_activation_is_cas_bound_audited_and_idempotent" time="11.690" /><testcase classname="tests.test_domain_packages" name="test_v5_migration_ids_are_domain_environment_and_source_bound" time="10.973" /><testcase classname="tests.test_domain_packages" name="test_v5_migration_revision_creates_a_new_immutable_bundle_and_record_set" time="10.235" /><testcase classname="tests.test_freeform_authoring_proposal_contract" name="test_new_and_existing_authoring_schemas_are_valid_draft_2020_12" time="0.090" /><testcase classname="tests.test_freeform_authoring_proposal_contract" name="test_proposal_accepts_exactly_complete_draft_or_bounded_clarification" time="0.044" /><testcase classname="tests.test_freeform_authoring_proposal_contract" name="test_proposal_rejects_any_status_outside_closed_two_state_contract[ok]" time="0.004" /><testcase classname="tests.test_freeform_authoring_proposal_contract" name="test_proposal_rejects_any_status_outside_closed_two_state_contract[error]" time="0.005" /><testcase classname="tests.test_freeform_authoring_proposal_contract" name="test_proposal_rejects_any_status_outside_closed_two_state_contract[partial]" time="0.006" /><testcase classname="tests.test_freeform_authoring_proposal_contract" name="test_proposal_rejects_any_status_outside_closed_two_state_contract[]" time="0.005" /><testcase classname="tests.test_freeform_authoring_proposal_contract" name="test_proposal_requires_exact_lowercase_source_sha256[None]" time="0.004" /><testcase classname="tests.test_freeform_authoring_proposal_contract" name="test_proposal_requires_exact_lowercase_source_sha256[]" time="0.004" /><testcase classname="tests.test_freeform_authoring_proposal_contract" name="test_proposal_requires_exact_lowercase_source_sha256[BBBBBBBBBBBBBBBBBBBBBBBBBBBBBBBBBBBBBBBBBBBBBBBBBBBBBBBBBBBBBBBB]" time="0.004" /><testcase classname="tests.test_freeform_authoring_proposal_contract" name="test_proposal_requires_exact_lowercase_source_sha256[aaaaaaaaaaaaaaaaaaaaaaaaaaaaaaaaaaaaaaaaaaaaaaaaaaaaaaaaaaaaaaa]" time="0.005" /><testcase classname="tests.test_freeform_authoring_proposal_contract" name="test_proposal_requires_exact_lowercase_source_sha256[aaaaaaaaaaaaaaaaaaaaaaaaaaaaaaaaaaaaaaaaaaaaaaaaaaaaaaaaaaaaaaaaa]" time="0.004" /><testcase classname="tests.test_freeform_authoring_proposal_contract" name="test_clarification_proposal_cannot_carry_draft_candidate_or_persistence_material[draft-value0]" time="0.005" /><testcase classname="tests.test_freeform_authoring_proposal_contract" name="test_clarification_proposal_cannot_carry_draft_candidate_or_persistence_material[candidate_id-candidate:aaaaaaaaaaaaaaaaaaaaaaaaaaaaaaaaaaaaaaaaaaaaaaaaaaaaaaaaaaaaaaaa]" time="0.004" /><testcase classname="tests.test_freeform_authoring_proposal_contract" name="test_clarification_proposal_cannot_carry_draft_candidate_or_persistence_material[candidate_sha256-aaaaaaaaaaaaaaaaaaaaaaaaaaaaaaaaaaaaaaaaaaaaaaaaaaaaaaaaaaaaaaaa]" time="0.005" /><testcase classname="tests.test_freeform_authoring_proposal_contract" name="test_clarification_proposal_cannot_carry_draft_candidate_or_persistence_material[persisted-False]" time="0.004" /><testcase classname="tests.test_freeform_authoring_proposal_contract" name="test_clarification_proposal_enforces_question_and_missing_field_bounds[questions-value0]" time="0.003" /><testcase classname="tests.test_freeform_authoring_proposal_contract" name="test_clarification_proposal_enforces_question_and_missing_field_bounds[questions-value1]" time="0.004" /><testcase classname="tests.test_freeform_authoring_proposal_contract" name="test_clarification_proposal_enforces_question_and_missing_field_bounds[questions-value2]" time="0.005" /><testcase classname="tests.test_freeform_authoring_proposal_contract" name="test_clarification_proposal_enforces_question_and_missing_field_bounds[missing_fields-value3]" time="0.004" /><testcase classname="tests.test_freeform_authoring_proposal_contract" name="test_clarification_proposal_enforces_question_and_missing_field_bounds[missing_fields-value4]" time="0.005" /><testcase classname="tests.test_freeform_authoring_proposal_contract" name="test_response_preserves_existing_ok_and_error_statuses" time="0.003" /><testcase classname="tests.test_freeform_authoring_proposal_contract" name="test_response_allows_three_split_bootstrap_calls_but_rejects_four" time="0.003" /><testcase classname="tests.test_freeform_authoring_proposal_contract" name="test_response_accepts_needs_clarification_without_candidate_or_persistence" time="0.003" /><testcase classname="tests.test_freeform_authoring_proposal_contract" name="test_response_clarification_cannot_leak_into_candidate_or_persistence_path[candidate_id-candidate:aaaaaaaaaaaaaaaaaaaaaaaaaaaaaaaaaaaaaaaaaaaaaaaaaaaaaaaaaaaaaaaa]" time="0.004" /><testcase classname="tests.test_freeform_authoring_proposal_contract" name="test_response_clarification_cannot_leak_into_candidate_or_persistence_path[candidate_sha256-aaaaaaaaaaaaaaaaaaaaaaaaaaaaaaaaaaaaaaaaaaaaaaaaaaaaaaaaaaaaaaaa]" time="0.005" /><testcase classname="tests.test_freeform_authoring_proposal_contract" name="test_response_clarification_cannot_leak_into_candidate_or_persistence_path[persisted-False]" time="0.005" /><testcase classname="tests.test_freeform_authoring_proposal_contract" name="test_response_clarification_cannot_leak_into_candidate_or_persistence_path[revision-1]" time="0.005" /><testcase classname="tests.test_freeform_authoring_proposal_contract" name="test_response_clarification_cannot_leak_into_candidate_or_persistence_path[diff-value4]" time="0.005" /><testcase classname="tests.test_freeform_authoring_proposal_contract" name="test_response_clarification_cannot_leak_into_candidate_or_persistence_path[validation-value5]" time="0.006" /><testcase classname="tests.test_freeform_authoring_proposal_contract" name="test_response_clarification_cannot_leak_into_candidate_or_persistence_path[expires_at-2026-08-02T12:00:00+00:00]" time="0.004" /><testcase classname="tests.test_freeform_authoring_proposal_contract" name="test_response_clarification_cannot_leak_into_candidate_or_persistence_path[error-value7]" time="0.005" /><testcase classname="tests.test_freeform_authoring_proposal_contract" name="test_response_requires_bounded_clarification_payload_only_for_that_status" time="0.004" /><testcase classname="tests.test_generic_v2_candidates" name="test_support_ticket_top_n_metric_and_grain_is_unique_complete_and_zero_llm" time="0.024" /><testcase classname="tests.test_generic_v2_candidates" name="test_support_ticket_join_projection_recipe_tie_routes_to_selection_only_llm" time="0.016" /><testcase classname="tests.test_generic_v2_candidates" name="test_projection_cue_disambiguates_to_registered_projection_recipe" time="0.007" /><testcase classname="tests.test_generic_v2_candidates" name="test_unknown_or_predictive_question_fails_closed_without_model_candidate" time="0.008" /><testcase classname="tests.test_generic_v2_candidates" name="test_bundle_hash_route_proof_prompt_cards_and_selection_are_fail_closed" time="0.012" /><testcase classname="tests.test_generic_v2_candidates" name="test_runtime_bundle_has_one_canonical_shape_not_legacy_projection" time="0.009" /><testcase classname="tests.test_generic_v2_candidates" name="test_generic_module_contains_no_shipped_domain_identifiers_or_code_generation_lane" time="0.004" /><testcase classname="tests.test_generic_v2_candidates" name="test_intent_prompt_is_available_only_for_llm_route" time="0.013" /><testcase classname="tests.test_generic_v2_candidates" name="test_compiled_structured_alias_values_route_a_representative_existing_domain_question" time="0.147" /><testcase classname="tests.test_generic_v2_candidates" name="test_target_achievement_is_join_derive_projection_without_implicit_comparison_filter" time="0.077" /><testcase classname="tests.test_generic_v2_candidates" name="test_explicit_metric_enumeration_keeps_formula_dependencies_visible[\uc624\ub298 \uc0c1\ud488\ubcc4 \ub9e4\ucd9c\uc561\uacfc \ud658\ubd88\uc561\uc744 \uc870\uc778\ud574\uc11c \uc21c\ub9e4\ucd9c\uc561\uc744 \uacc4\uc0b0\ud574\uc918-expected_columns0]" time="0.117" /><testcase classname="tests.test_generic_v2_candidates" name="test_explicit_metric_enumeration_keeps_formula_dependencies_visible[\uc624\ub298 \uc0c1\ud488\ubcc4 \ub9e4\ucd9c\uc561\uacfc \ubaa9\ud45c\uc561, \ub2ec\uc131\ub960\uc744 \ubcf4\uc5ec\uc918-expected_columns1]" time="0.078" /><testcase classname="tests.test_generic_v2_candidates" name="test_reverse_optional_relation_projection_uses_registered_execution_cardinality" time="0.050" /><testcase classname="tests.test_generic_v2_candidates" name="test_explicit_greater_than_question_is_the_only_comparison_filter_lane" time="0.049" /><testcase classname="tests.test_generic_v2_p1_boundaries" name="test_longest_metric_alias_selects_net_sales_only_and_keeps_dependencies_internal" time="0.017" /><testcase classname="tests.test_generic_v2_p1_boundaries" name="test_registered_literal_is_exact_in_job_pushdown_and_typed_filter_and_idempotent_at_execution" time="0.043" /><testcase classname="tests.test_generic_v2_p1_boundaries" name="test_required_fields_are_a_strict_registered_closure_for_formula_join_date_and_output" time="0.018" /><testcase classname="tests.test_generic_v2_p1_boundaries" name="test_same_family_current_and_history_selection_is_preserved_into_plan" time="0.029" /><testcase classname="tests.test_generic_v2_p1_boundaries" name="test_today_without_current_context_or_recipe_pin_is_not_deterministic" time="0.017" /><testcase classname="tests.test_generic_v2_p1_boundaries" name="test_filter_literal_for_a_field_absent_from_selected_dataset_fails_closed" time="0.019" /><testcase classname="tests.test_generic_v2_p1_boundaries" name="test_intent_bundle_and_catalog_dependency_pins_fail_closed" time="0.024" /><testcase classname="tests.test_generic_v2_p1_boundaries" name="test_plan_filter_job_and_required_field_tampering_with_old_fingerprint_fails_closed" time="0.023" /><testcase classname="tests.test_generic_v2_p1_boundaries" name="test_plan_compare_operator_tampering_with_old_fingerprint_fails_closed" time="0.021" /><testcase classname="tests.test_generic_v2_p1_boundaries" name="test_legacy_compat_profile_cannot_be_spoofed_by_another_domain" time="25.352" /><testcase classname="tests.test_http_authoring_validator_contracts" name="test_current_authoring_flows_use_save_and_fixed_three_collections" time="0.124" /><testcase classname="tests.test_http_authoring_validator_contracts" name="test_authoring_tweaks_expose_only_save_or_validate_only_contract" time="0.012" /><testcase classname="tests.test_http_authoring_validator_contracts" name="test_worker_sources_remain_four_freeform_text_inputs" time="0.010" /><testcase classname="tests.test_http_authoring_validator_contracts" name="test_selector_free_loader_projection_is_closed_and_hash_bound" time="1.697" /><testcase classname="tests.test_http_authoring_validator_contracts" name="test_validation_environment_name_is_bounded_and_ascii" time="0.003" /><testcase classname="tests.test_intent_prompt_cards" name="test_elliptical_followup_cards_distinguish_summary_from_raw_detail" time="0.575" /><testcase classname="tests.test_intent_prompt_cards" name="test_enriched_prompt_does_not_change_candidate_ids_or_executable_semantics" time="0.533" /><testcase classname="tests.test_live_blueprint_validation" name="test_trusted_blueprint_loader_uses_sidecar_then_admin_rebinds" time="1.551" /><testcase classname="tests.test_live_blueprint_validation" name="test_blueprint_negative_matrix_rejects_tamper_before_any_model_call" time="1.497" /><testcase classname="tests.test_live_blueprint_validation" name="test_live_blueprint_harness_calls_provider_once_and_persists_hashes_only" time="4.239" /><testcase classname="tests.test_live_blueprint_validation" name="test_live_blueprint_harness_rejects_non_exact_model" time="0.473" /><testcase classname="tests.test_metadata_collections" name="test_three_sections_round_trip_to_exact_package" time="2.745" /><testcase classname="tests.test_metadata_collections" name="test_loader_and_writer_use_only_registered_three_collections_and_session" time="3.009" /><testcase classname="tests.test_metadata_collections" name="test_available_loader_discovers_the_latest_complete_release_without_flow_selector" time="2.802" /><testcase classname="tests.test_metadata_collections" name="test_tampered_natural_source_or_mixed_release_is_rejected" time="1.487" /><testcase classname="tests.test_metadata_collections" name="test_loader_rejects_collection_name_drift" time="1.399" /><testcase classname="tests.test_metadata_compiler" name="test_catalog_is_deterministic_closed_and_hash_sealed" time="0.059" /><testcase classname="tests.test_metadata_compiler" name="test_catalog_dataset_contracts_have_required_router_shape" time="0.024" /><testcase classname="tests.test_metadata_compiler" name="test_catalog_contains_model_independent_temporal_metric_and_grain_rules" time="0.027" /><testcase classname="tests.test_metadata_compiler" name="test_corpus_aliases_and_exact_process_candidates_are_compiled_from_domain" time="0.026" /><testcase classname="tests.test_metadata_compiler" name="test_product_groups_are_closed_typed_predicates" time="0.030" /><testcase classname="tests.test_metadata_compiler" name="test_tampered_catalog_and_invalid_non_additive_rollup_are_rejected" time="0.085" /><testcase classname="tests.test_metadata_compiler" name="test_compiled_records_are_versioned_hash_linked_and_provenanced" time="0.093" /><testcase classname="tests.test_metadata_compiler" name="test_catalog_file_round_trip_and_compile_report" time="6.463" /><testcase classname="tests.test_metadata_compiler" name="test_v5_migration_reads_legacy_only_and_writes_v6_only" time="6.364" /><testcase classname="tests.test_metadata_compiler" name="test_collection_boundary_rejects_v5_target" time="0.005" /><testcase classname="tests.test_normalized_authoring_source" name="test_checked_in_v6_main_filter_companion_is_exactly_pinned_and_alias_only" time="0.024" /><testcase classname="tests.test_normalized_authoring_source" name="test_checked_in_domain_policy_companion_is_pinned_and_inventory_free" time="0.017" /><testcase classname="tests.test_normalized_authoring_source" name="test_checked_in_dataset_companion_is_pinned_and_dataset_field_only" time="0.019" /><testcase classname="tests.test_normalized_authoring_source" name="test_normalized_companion_tamper_fails_closed" time="0.050" /><testcase classname="tests.test_normalized_authoring_source" name="test_normalized_source_provenance_rejects_unknown_contract_key" time="0.030" /><testcase classname="tests.test_normalized_authoring_source" name="test_domain_policy_companion_tamper_fails_closed" time="0.039" /><testcase classname="tests.test_normalized_authoring_source" name="test_domain_policy_original_tamper_fails_closed" time="0.034" /><testcase classname="tests.test_normalized_authoring_source" name="test_dataset_companion_tamper_fails_closed" time="0.037" /><testcase classname="tests.test_normalized_authoring_source" name="test_dataset_original_tamper_fails_closed" time="0.040" /><testcase classname="tests.test_prompt_flow_components" name="test_prompt_assets_are_external_utf8_and_have_no_manufacturing_literals" time="0.019" /><testcase classname="tests.test_prompt_flow_components" name="test_composer_preserves_authority_roles_and_runtime_context_once" time="0.019" /><testcase classname="tests.test_prompt_flow_components" name="test_composer_omits_unconfigured_or_connected_empty_specialization" time="0.005" /><testcase classname="tests.test_prompt_flow_components" name="test_composer_rejects_raw_or_secret_bearing_payloads" time="0.005" /><testcase classname="tests.test_prompt_flow_components" name="test_conditional_invoker_calls_once_with_separate_system_and_human_messages" time="0.042" /><testcase classname="tests.test_prompt_flow_components" name="test_conditional_invoker_binds_exact_google_metadata_lane_to_json_mime" time="0.008" /><testcase classname="tests.test_prompt_flow_components" name="test_conditional_invoker_rejects_prompt_bundle_sha256_tamper_before_call" time="0.004" /><testcase classname="tests.test_prompt_flow_components" name="test_authoring_invocation_consumer_rejects_response_sha256_tamper" time="1.956" /><testcase classname="tests.test_prompt_flow_components" name="test_conditional_invoker_accepts_real_union_schema_root" time="0.003" /><testcase classname="tests.test_prompt_flow_components" name="test_google_provider_projection_collapses_only_dataset_field_allowlist_branches" time="0.002" /><testcase classname="tests.test_prompt_flow_components" name="test_google_schema_projection_keeps_shape_and_removes_unsupported_constraints" time="0.005" /><testcase classname="tests.test_prompt_flow_components" name="test_google_authoring_choice_projection_keeps_choice_without_first_branch_bias" time="0.003" /><testcase classname="tests.test_prompt_flow_components" name="test_authoring_choice_normalization_only_removes_unselected_null_branch" time="0.003" /><testcase classname="tests.test_prompt_flow_components" name="test_google_schema_projection_breaks_recursive_defs_for_provider_only" time="0.004" /><testcase classname="tests.test_prompt_flow_components" name="test_google_schema_projection_inlines_nested_local_defs_without_mutating_authority" time="0.004" /><testcase classname="tests.test_prompt_flow_components" name="test_conditional_invoker_fails_closed_before_google_call_when_schema_bind_fails" time="0.004" /><testcase classname="tests.test_prompt_flow_components" name="test_conditional_invoker_skips_without_model_and_never_retries_failure" time="0.009" /><testcase classname="tests.test_prompt_flow_components" name="test_langflow_1_9_2_prompt_dynamic_port_is_hydrated_and_connectable" time="0.192" /><testcase classname="tests.test_prompt_flow_components" name="test_sticky_note_uses_langflow_1_9_2_note_node_shape" time="0.003" /><testcase classname="tests.test_registered_functions" name="test_registered_card_and_operation_are_closed_schema_validated" time="0.128" /><testcase classname="tests.test_registered_functions" name="test_natural_language_function_candidate_compiles_and_executes_without_llm" time="0.097" /><testcase classname="tests.test_registered_functions" name="test_unregistered_or_hash_mismatched_function_fails_closed" time="0.010" /><testcase classname="tests.test_registered_functions" name="test_registered_function_limits_fail_closed[card0]" time="0.008" /><testcase classname="tests.test_registered_functions" name="test_registered_function_limits_fail_closed[card1]" time="0.005" /><testcase classname="tests.test_registered_functions" name="test_registered_function_limits_fail_closed[card2]" time="0.009" /><testcase classname="tests.test_registered_functions" name="test_registered_function_timeout_ceiling_is_enforced" time="0.003" /><testcase classname="tests.test_registered_functions" name="test_registry_module_has_no_dynamic_source_execution_calls" time="0.024" /><testcase classname="tests.test_reviewed_domain_rebuild" name="test_field_override_removals_are_audited_and_idempotent" time="0.042" /><testcase classname="tests.test_reviewed_domain_rebuild" name="test_field_override_removal_rejects_descriptor_drift" time="0.022" /><testcase classname="tests.test_reviewed_domain_rebuild" name="test_dataset_worker_input_is_freeform_and_contains_no_registry_or_sql_contract" time="0.015" /><testcase classname="tests.test_semantic_case_fixes" name="test_generic_lot_labels_are_not_parsed_as_identifiers" time="0.002" /><testcase classname="tests.test_semantic_case_fixes" name="test_ordered_range_filter_consumes_the_range_result" time="0.228" /><testcase classname="tests.test_semantic_case_fixes" name="test_registered_equipment_views_have_exact_grain_and_projection" time="0.618" /><testcase classname="tests.test_semantic_case_fixes" name="test_plain_process_metric_uses_process_grain_and_rg_join_is_nonempty" time="0.552" /><testcase classname="tests.test_semantic_case_fixes" name="test_hold_duration_rank_includes_all_longest_ties_and_history" time="0.246" /><testcase classname="tests.test_semantic_case_fixes" name="test_followup_plan_input_ref_is_included_in_identity_and_semantic_seal" time="0.080" /><testcase classname="tests.test_source_contracts" name="test_target_mode_and_plan_quantities_canonicalize_once" time="0.026" /><testcase classname="tests.test_source_contracts" name="test_equipment_oper_nm_maps_to_canonical_oper_name" time="0.016" /><testcase classname="tests.test_source_contracts" name="test_primary_and_alias_collision_is_fail_closed" time="0.014" /><testcase classname="tests.test_source_contracts" name="test_missing_physical_metric_does_not_fallback_to_canonical_name" time="0.016" /><testcase classname="tests.test_source_contracts" name="test_hold_timestamp_is_strict_and_timezone_bound" time="0.022" /><testcase classname="tests.test_source_contracts" name="test_all_registered_dummy_datasets_round_trip_physical_to_canonical" time="0.118" /><testcase classname="tests.test_source_contracts" name="test_merge_combines_chunks_deterministically_and_returns_minimal_executor_frames" time="0.045" /><testcase classname="tests.test_source_contracts" name="test_executor_frames_can_share_owned_snapshot_rows" time="0.057" /><testcase classname="tests.test_source_contracts" name="test_duplicate_source_result_and_error_status_are_not_silently_treated_as_empty" time="0.025" /><testcase classname="tests.test_source_contracts" name="test_bundle_cannot_be_recanonicalized_or_hash_tampered" time="0.045" /><testcase classname="tests.test_source_contracts" name="test_dummy_jobs_apply_canonical_date_and_filter_to_physical_results" time="0.017" /><testcase classname="tests.test_source_contracts" name="test_empty_is_distinct_from_failure_and_keeps_schema_contract" time="0.023" /><testcase classname="tests.test_source_contracts" name="test_default_engine_consumes_dummy_alias_without_double_source_prefix" time="0.452" /><testcase classname="tests.test_standalone_components" name="test_manufacturing_dataset_input_is_worker_friendly_freeform" time="0.193" /><testcase classname="tests.test_standalone_components" name="test_worker_v6_inputs_remain_free_prose_not_compiler_grammar" time="0.012" /><testcase classname="tests.test_standalone_components" name="test_generated_sources_are_current_and_monolith_is_gone" time="7.253" /><testcase classname="tests.test_standalone_components" name="test_runtime_source_payloads_are_tweakable_scalar_json_inputs" time="0.022" /><testcase classname="tests.test_standalone_components" name="test_metadata_and_request_nodes_hide_deployment_internal_selectors" time="0.250" /><testcase classname="tests.test_standalone_components" name="test_each_generated_source_is_self_contained_and_langflow_parseable[data_analysis/01_message_presentation.py-MessagePresentation]" time="5.868" /><testcase classname="tests.test_standalone_components" name="test_each_generated_source_is_self_contained_and_langflow_parseable[data_analysis/02_gaia_output.py-GaiAOutput]" time="0.276" /><testcase classname="tests.test_standalone_components" name="test_each_generated_source_is_self_contained_and_langflow_parseable[data_analysis/12_oracle_source_retriever.py-OracleSourceRetriever]" time="0.796" /><testcase classname="tests.test_standalone_components" name="test_each_generated_source_is_self_contained_and_langflow_parseable[data_analysis/13_h_api_source_retriever.py-HApiSourceRetriever]" time="1.291" /><testcase classname="tests.test_standalone_components" name="test_each_generated_source_is_self_contained_and_langflow_parseable[data_analysis/14_datalake_source_retriever.py-DatalakeSourceRetriever]" time="0.829" /><testcase classname="tests.test_standalone_components" name="test_each_generated_source_is_self_contained_and_langflow_parseable[data_analysis/15_goodocs_source_retriever.py-GoodocsSourceRetriever]" time="0.903" /><testcase classname="tests.test_standalone_components" name="test_each_generated_source_is_self_contained_and_langflow_parseable[data_analysis/answer_claim_validator.py-AnswerClaimValidator]" time="0.082" /><testcase classname="tests.test_standalone_components" name="test_each_generated_source_is_self_contained_and_langflow_parseable[data_analysis/answer_facts_context_builder.py-AnswerFactsContextBuilder]" time="0.282" /><testcase classname="tests.test_standalone_components" name="test_each_generated_source_is_self_contained_and_langflow_parseable[data_analysis/candidate_route_gate.py-CandidateRouteGate]" time="1.763" /><testcase classname="tests.test_standalone_components" name="test_each_generated_source_is_self_contained_and_langflow_parseable[data_analysis/common_intent_resolver.py-CommonIntentResolver]" time="2.431" /><testcase classname="tests.test_standalone_components" name="test_each_generated_source_is_self_contained_and_langflow_parseable[data_analysis/domain_bundle_loader.py-DomainBundleLoader]" time="1.004" /><testcase classname="tests.test_standalone_components" name="test_each_generated_source_is_self_contained_and_langflow_parseable[data_analysis/dummy_source_retriever.py-DummySourceRetriever]" time="0.879" /><testcase classname="tests.test_standalone_components" name="test_each_generated_source_is_self_contained_and_langflow_parseable[data_analysis/intent_prompt_context_builder.py-IntentPromptContextBuilder]" time="0.087" /><testcase classname="tests.test_standalone_components" name="test_each_generated_source_is_self_contained_and_langflow_parseable[data_analysis/plan_compiler_validator.py-PlanCompilerValidator]" time="3.552" /><testcase classname="tests.test_standalone_components" name="test_each_generated_source_is_self_contained_and_langflow_parseable[data_analysis/request_state_capsule.py-RequestStateCapsule]" time="0.524" /><testcase classname="tests.test_standalone_components" name="test_each_generated_source_is_self_contained_and_langflow_parseable[data_analysis/response_state_commit.py-ResponseStateCommit]" time="1.120" /><testcase classname="tests.test_standalone_components" name="test_each_generated_source_is_self_contained_and_langflow_parseable[data_analysis/retrieval_job_router.py-RetrievalJobRouter]" time="0.129" /><testcase classname="tests.test_standalone_components" name="test_each_generated_source_is_self_contained_and_langflow_parseable[data_analysis/source_contract_merger.py-SourceContractMerger]" time="0.968" /><testcase classname="tests.test_standalone_components" name="test_each_generated_source_is_self_contained_and_langflow_parseable[data_analysis/typed_executor_publisher.py-TypedExecutorPublisher]" time="0.563" /><testcase classname="tests.test_standalone_components" name="test_each_generated_source_is_self_contained_and_langflow_parseable[metadata_authoring/00_metadata_authoring_engine.py-MetadataAuthoringEngine]" time="3.815" /><testcase classname="tests.test_standalone_components" name="test_each_generated_source_is_self_contained_and_langflow_parseable[metadata_authoring/01_authoring_message_presentation.py-AuthoringMessagePresentation]" time="0.210" /><testcase classname="tests.test_standalone_components" name="test_each_generated_source_is_self_contained_and_langflow_parseable[metadata_authoring/authoring_prompt_context_builder.py-AuthoringPromptContextBuilder]" time="2.141" /><testcase classname="tests.test_standalone_components" name="test_each_generated_source_is_self_contained_and_langflow_parseable[metadata_authoring/authoring_reference_registry.py-AuthoringReferenceRegistry]" time="0.257" /><testcase classname="tests.test_standalone_components" name="test_each_generated_source_is_self_contained_and_langflow_parseable[metadata_authoring/natural_metadata_source_bundle.py-NaturalMetadataSourceBundle]" time="0.037" /><testcase classname="tests.test_standalone_components" name="test_each_generated_source_is_self_contained_and_langflow_parseable[shared/00_api_response_terminal.py-APIResponseTerminal]" time="0.178" /><testcase classname="tests.test_standalone_components" name="test_manifest_pins_generic_runtime_and_compiled_catalog" time="0.184" /><testcase classname="tests.test_standalone_components" name="test_manufacturing_legacy_profile_is_exactly_hash_pinned" time="0.205" /><testcase classname="tests.test_standalone_components" name="test_manufacturing_legacy_profile_accepts_real_package_and_output_overlays" time="0.586" /><testcase classname="tests.test_standalone_components" name="test_manufacturing_legacy_profile_rejects_wrong_control_boundary[legacy_catalog_sha256-0000000000000000000000000000000000000000000000000000000000000000]" time="0.461" /><testcase classname="tests.test_standalone_components" name="test_manufacturing_legacy_profile_rejects_wrong_control_boundary[planner_profile-legacy_v1_compat_spoof]" time="0.471" /><testcase classname="tests.test_standalone_components" name="test_manufacturing_legacy_profile_rejects_wrong_control_boundary[domain_id-other_domain]" time="1.031" /><testcase classname="tests.test_standalone_components" name="test_manufacturing_legacy_profile_rejects_wrong_control_boundary[compiler_version-metadata-domain-compiler.v6.4]" time="0.451" /><testcase classname="tests.test_standalone_components" name="test_generic_v2_profile_is_unchanged" time="0.520" /><testcase classname="tests.test_standalone_components" name="test_manufacturing_legacy_profile_survives_three_section_patch_round_trips" time="15.121" /><testcase classname="tests.test_standalone_components" name="test_job_router_preserves_only_a_closed_candidate_lane_with_jobs" time="0.025" /><testcase classname="tests.test_standalone_components" name="test_job_router_splits_live_jobs_by_source_without_payload_duplication" time="0.035" /><testcase classname="tests.test_standalone_components" name="test_job_router_rejects_missing_or_unknown_candidate_lane[]" time="0.037" /><testcase classname="tests.test_standalone_components" name="test_job_router_rejects_missing_or_unknown_candidate_lane[unknown]" time="0.034" /><testcase classname="tests.test_standalone_components" name="test_job_router_rejects_missing_or_unknown_candidate_lane[legacy_v2]" time="0.024" /><testcase classname="tests.test_standalone_components" name="test_dummy_retriever_uses_embedded_fixture_only_for_valid_legacy_lane[legacy_v1-catalog_path0]" time="0.142" /><testcase classname="tests.test_standalone_components" name="test_dummy_retriever_uses_embedded_fixture_only_for_valid_legacy_lane[legacy_v1_compat-catalog_path1]" time="0.129" /><testcase classname="tests.test_standalone_components" name="test_dummy_retriever_fails_closed_for_non_fixture_lane[generic_v2]" time="0.213" /><testcase classname="tests.test_standalone_components" name="test_dummy_retriever_fails_closed_for_non_fixture_lane[]" time="0.122" /><testcase classname="tests.test_standalone_components" name="test_dummy_retriever_fails_closed_for_non_fixture_lane[unknown]" time="0.127" /><testcase classname="tests.test_standalone_components" name="test_dummy_retriever_revalidates_compat_controls_against_manual_injection[legacy_catalog_sha256-0000000000000000000000000000000000000000000000000000000000000000]" time="0.544" /><testcase classname="tests.test_standalone_components" name="test_dummy_retriever_revalidates_compat_controls_against_manual_injection[planner_profile-legacy_v1_compat_spoof]" time="0.141" /><testcase classname="tests.test_standalone_components" name="test_dummy_retriever_revalidates_compat_controls_against_manual_injection[domain_id-other_domain]" time="0.142" /><testcase classname="tests.test_standalone_components" name="test_dummy_retriever_revalidates_compat_controls_against_manual_injection[compiler_version-metadata-domain-compiler.v6.4]" time="0.124" /><testcase classname="tests.test_standalone_components" name="test_generated_runtime_embeds_only_declared_phase_schemas" time="0.496" /><testcase classname="tests.test_standalone_components" name="test_flow_inventory_is_exact_decomposed_architecture" time="0.014" /><testcase classname="tests.test_standalone_components" name="test_flow_json_component_sources_match_canonical_files" time="0.173" /><testcase classname="tests.test_standalone_components" name="test_answer_context_outputs_render_as_independent_handles" time="0.076" /><testcase classname="tests.test_standalone_components" name="test_state_scope_payload_and_prompt_boundaries_are_explicit" time="0.012" /><testcase classname="tests.test_standalone_components" name="test_anonymous_state_is_node_local_unless_explicitly_enabled" time="0.105" /><testcase classname="tests.test_standalone_components" name="test_authoring_component_exposes_v2_full_and_patch_controls" time="1.041" /><testcase classname="tests.test_standalone_components" name="test_generated_authoring_prompt_uses_embedded_schema_without_external_globals" time="0.593" /><testcase classname="tests.test_standalone_components" name="test_dataset_prompt_schema_is_repeatable_in_the_same_component_module" time="0.589" /><testcase classname="tests.test_standalone_components" name="test_dataset_prompt_field_enums_are_exact_per_dataset_not_family_union" time="0.538" /><testcase classname="tests.test_standalone_components" name="test_main_filter_prompt_binds_target_id_enum_to_each_target_type" time="0.669" /><testcase classname="tests.test_standalone_components" name="test_section_authoring_prompts_expose_only_owned_root_sections" time="0.716" /><testcase classname="tests.test_standalone_components" name="test_bootstrap_prompt_fragments_are_closed_small_and_registry_minimal" time="5.523" /><testcase classname="tests.test_standalone_components" name="test_authoring_json_parser_accepts_one_framed_object_and_rejects_repairs" time="0.949" /><testcase classname="tests.test_standalone_components" name="test_authoring_engine_has_no_provider_specific_invoke_path" time="0.007" /><testcase classname="tests.test_standalone_components" name="test_shared_invoker_is_the_only_single_call_boundary" time="0.004" /><testcase classname="tests.test_standalone_components" name="test_alias_only_main_filter_prepare_compiles_source_manifest_with_zero_llm_calls" time="2.327" /><testcase classname="tests.test_standalone_components" name="test_dataset_prepare_rejects_empty_explicit_inventory_before_model_call" time="1.024" /><testcase classname="tests.test_standalone_components" name="test_freeform_dataset_patch_authorization_uses_only_active_catalog_ids" time="2.129" /><testcase classname="tests.test_standalone_components" name="test_metric_binding_string_requires_exact_approved_semantic_reference" time="2.430" /><testcase classname="tests.test_standalone_components" name="test_metric_binding_full_card_is_preserved_without_guessing" time="2.148" /><testcase classname="tests.test_standalone_components" name="test_bootstrap_domain_annotation_expands_only_approved_templates_with_hash_evidence" time="0.926" /><testcase classname="tests.test_standalone_components" name="test_bootstrap_main_filter_ir_requires_typed_targets_and_disambiguates_duplicate_ids" time="1.862" /><testcase classname="tests.test_standalone_components" name="test_bootstrap_alias_shorthand_is_exact_and_collision_safe" time="2.582" /><testcase classname="tests.test_standalone_components" name="test_natural_alias_conflicts_preserve_baseline_and_drop_cross_target_values" time="0.813" /><testcase classname="tests.test_standalone_components" name="test_bootstrap_alias_shorthand_zero_or_multiple_exact_targets_fail_closed" time="2.858" /><testcase classname="tests.test_standalone_components" name="test_split_invocation_requires_matching_schema_binding_evidence" time="1.251" /><testcase classname="tests.test_standalone_components" name="test_split_invocation_accepts_closed_google_native_schema_binding_evidence" time="1.062" /><testcase classname="tests.test_standalone_components" name="test_split_invocation_rejects_malformed_or_mismatched_google_schema_evidence" time="1.068" /><testcase classname="tests.test_standalone_components" name="test_non_split_section_authoring_validates_bound_schema_before_expansion[dataset-valid_draft0-invalid_drafts0]" time="3.669" /><testcase classname="tests.test_standalone_components" name="test_non_split_section_authoring_validates_bound_schema_before_expansion[main_filter-valid_draft1-invalid_drafts1]" time="2.559" /><testcase classname="tests.test_standalone_components" name="test_explicit_inventory_section_authoring_validates_and_expands_compact_ir" time="4.595" /><testcase classname="tests.test_standalone_components" name="test_filter_operator_alias_normalization_is_closed_and_deterministic" time="1.079" /><testcase classname="tests.test_standalone_components" name="test_domain_annotation_prompt_exposes_no_executable_schema" time="1.785" /><testcase classname="tests.test_standalone_components" name="test_freeform_domain_prepare_requires_one_external_invocation_without_blueprint" time="2.195" /><testcase classname="tests.test_standalone_components" name="test_freeform_domain_prepare_compiles_closed_full_draft_without_blueprint" time="3.120" /><testcase classname="tests.test_standalone_components" name="test_split_bootstrap_merges_three_sealed_fragments_and_compiles_once" time="4.295" /><testcase classname="tests.test_standalone_components" name="test_split_bootstrap_clarification_counts_all_calls_and_never_opens_mongo" time="2.436" /><testcase classname="tests.test_standalone_components" name="test_worker_clarification_sanitizer_replaces_technical_text_and_preserves_business_text" time="0.918" /><testcase classname="tests.test_standalone_components" name="test_freeform_domain_clarification_never_reaches_candidate_or_mongo" time="2.807" /><testcase classname="tests.test_standalone_components" name="test_freeform_domain_invalid_complete_fails_compile_before_mongo" time="2.741" /><testcase classname="tests.test_standalone_components" name="test_freeform_domain_llm_cannot_inject_domain_policy_sections" time="2.899" /><testcase classname="tests.test_standalone_components" name="test_full_domain_prepare_uses_only_annotation_llm_and_preserves_blueprint" time="4.064" /><testcase classname="tests.test_standalone_components" name="test_authoring_generated_source_has_no_pending_or_active_writer" time="0.943" /><testcase classname="tests.test_standalone_components" name="test_domain_policy_prepare_is_explicit_operator_input_only" time="2.209" /><testcase classname="tests.test_standalone_components" name="test_api_terminal_returns_ordinary_json_without_hash_validation" time="0.045" /><testcase classname="tests.test_standalone_components" name="test_generator_fails_clearly_when_compiled_catalog_is_missing" time="0.004" /><testcase classname="tests.test_state_and_output" name="test_display_toggles_change_only_markdown" time="0.015" /><testcase classname="tests.test_state_and_output" name="test_show_pandas_code_is_execution_plan_alias_only" time="0.011" /><testcase classname="tests.test_state_and_output" name="test_message_api_and_gaia_consume_same_json_response" time="0.008" /><testcase classname="tests.test_state_and_output" name="test_output_adapters_accept_response_mutation_without_hash_comparison" time="0.014" /><testcase classname="tests.test_state_and_output" name="test_chat_and_api_output_do_not_fail_on_presentation_changes" time="0.007" /><testcase classname="tests.test_state_and_output" name="test_runtime_boundary_errors_are_registered[request_invalid-request]" time="0.019" /><testcase classname="tests.test_state_and_output" name="test_runtime_boundary_errors_are_registered[state_policy_mismatch-state_store_config]" time="0.020" /><testcase classname="tests.test_state_and_output" name="test_result_ref_ownership_ttl_and_state_cas" time="0.008" /><testcase classname="tests.test_state_and_output" name="test_ephemeral_response_has_no_synthetic_download_or_state_reference" time="0.019" /><testcase classname="tests.test_state_security" name="test_content_refs_bind_role_owner_session_and_full_content_hash" time="0.022" /><testcase classname="tests.test_state_security" name="test_ref_load_rejects_role_owner_or_content_tampering[role-source_snapshot]" time="0.007" /><testcase classname="tests.test_state_security" name="test_ref_load_rejects_role_owner_or_content_tampering[owner_subject_id-owner-b]" time="0.016" /><testcase classname="tests.test_state_security" name="test_ref_load_rejects_role_owner_or_content_tampering[payload-tampered2]" time="0.013" /><testcase classname="tests.test_state_security" name="test_ref_load_rejects_role_owner_or_content_tampering[content_sha256-0000000000000000000000000000000000000000000000000000000000000000]" time="0.015" /><testcase classname="tests.test_state_security" name="test_expiry_comparisons_accept_naive_and_zulu_values" time="0.011" /><testcase classname="tests.test_state_security" name="test_mongo_client_is_timezone_aware_and_builds_ttl_indexes" time="2.606" /><testcase classname="tests.test_state_security" name="test_mongo_load_state_queries_canonical_owner_field" time="0.003" /><testcase classname="tests.test_state_security" name="test_mongo_load_ref_queries_owner_and_revalidates_content" time="0.016" /><testcase classname="tests.test_state_security" name="test_mongo_expired_state_is_deleted_conditionally_then_version_zero_can_commit" time="0.014" /><testcase classname="tests.test_state_security" name="test_mongo_version_zero_duplicate_key_race_is_state_conflict" time="0.034" /><testcase classname="tests.test_state_security" name="test_mongo_state_store_rejects_non_v6_role_swaps_before_connect[agent_v5_result_store-agent_v6_session_state]" time="0.003" /><testcase classname="tests.test_state_security" name="test_mongo_state_store_rejects_non_v6_role_swaps_before_connect[agent_v6_result_store-agent_v5_session_state]" time="0.015" /><testcase classname="tests.test_state_security" name="test_mongo_state_store_rejects_non_v6_role_swaps_before_connect[agent_v6_session_state-agent_v6_result_store]" time="0.014" /><testcase classname="tests.test_state_security" name="test_mongo_state_store_rejects_non_v6_role_swaps_before_connect[agent_v6_result_store-agent_v6_result_store]" time="0.006" /><testcase classname="tests.test_state_security" name="test_mongo_state_store_rejects_non_v6_role_swaps_before_connect[arbitrary_results-arbitrary_state]" time="0.008" /><testcase classname="tests.test_typed_executor" name="test_recursive_filter_and_projection_are_typed_and_ordered" time="0.011" /><testcase classname="tests.test_typed_executor" name="test_global_and_per_group_rank_have_stable_exact_n_and_ties" time="0.053" /><testcase classname="tests.test_typed_executor" name="test_join_contract_and_presence_anti_join" time="0.031" /><testcase classname="tests.test_typed_executor" name="test_join_cardinality_violation_is_fail_closed" time="0.014" /><testcase classname="tests.test_typed_executor" name="test_compare_duplicate_formula_and_concat_segments" time="0.020" /><testcase classname="tests.test_typed_executor" name="test_unregistered_operation_never_falls_back_to_code" time="0.005" /><testcase classname="tests.test_validation_live_and_multidomain" name="test_v6_worker_inputs_are_freeform_rewrites_with_recorded_lineage" time="0.013" /><testcase classname="tests.test_validation_live_and_multidomain" name="test_gemini_adapter_uses_exact_requested_model_and_persists_no_secret" time="0.003" /><testcase classname="tests.test_validation_live_and_multidomain" name="test_gemini_http_error_and_authoring_failure_are_secret_safe" time="0.005" /><testcase classname="tests.test_validation_live_and_multidomain" name="test_authoring_failure_evidence_is_bounded_to_metadata_ids_and_hashes" time="0.006" /><testcase classname="tests.test_validation_live_and_multidomain" name="test_authoring_executable_diff_reports_ids_counts_and_hashes_only" time="0.003" /><testcase classname="tests.test_validation_live_and_multidomain" name="test_replay_model_is_local_and_counted" time="0.003" /><testcase classname="tests.test_validation_live_and_multidomain" name="test_live_intent_seed_selection_requires_an_explicit_scenario" time="0.002" /><testcase classname="tests.test_validation_live_and_multidomain" name="test_live_intent_recorder_retains_only_candidate_id" time="0.003" /><testcase classname="tests.test_validation_live_and_multidomain" name="test_full_draft_authoring_harness_is_explicitly_obsolete_diagnostic" time="0.011" /><testcase classname="tests.test_validation_live_and_multidomain" name="test_live_authoring_harness_normalizes_manifest_backed_alias_shorthand" time="1.917" /><testcase classname="tests.test_validation_live_and_multidomain" name="test_live_component_matrix_covers_zero_intent_narrative_and_unsupported" time="0.003" /><testcase classname="tests.test_validation_live_and_multidomain" name="test_langflow_graph_validator_accepts_split_stage_aliases_and_fanout" time="0.004" /><testcase classname="tests.test_validation_live_and_multidomain" name="test_langflow_graph_validator_rejects_anonymous_multiturn_enabled_by_default" time="0.003" /><testcase classname="tests.test_validation_live_and_multidomain" name="test_order_sales_suite_covers_routes_llm_counts_and_multiturn" time="0.018" /><testcase classname="tests.test_validation_live_and_multidomain" name="test_prompt_extension_evidence_is_hash_only_and_utf8_bounded" time="0.003" /><testcase classname="tests.test_validation_live_and_multidomain" name="test_order_sales_http_fixture_enriches_refund_join_key_in_memory" time="0.005" /><testcase classname="tests.test_validation_live_and_multidomain" name="test_order_sales_http_uses_utf8_questions_and_langflow_json_input_wrapper" time="0.003" /><testcase classname="tests.test_validation_live_and_multidomain" name="test_domain_sessions_and_result_references_are_isolated" time="0.003" /><testcase classname="tests.test_validation_live_and_multidomain" name="test_http_terminal_evidence_requires_message_api_and_gaia_hash_equivalence" time="0.003" /><testcase classname="tests.test_validation_live_and_multidomain" name="test_http_terminal_evidence_distinguishes_persistent_and_ephemeral_refs" time="0.004" /><testcase classname="tests.test_validation_live_and_multidomain" name="test_specialized_functions_are_declarative_and_cannot_embed_code" time="0.003" /><testcase classname="tests.test_validation_live_and_multidomain" name="test_http_authoring_evidence_validates_hash_and_terminal_equivalence" time="0.004" /></testsuite></testsuites>